
<<<<<<< HEAD
=== Wed Jan 23 09:13:05 2019
=======
<<<<<<< HEAD
=== Wed Jan 23 09:14:23 2019
=======
=== Wed Jan 23 10:06:18 2019
>>>>>>> f4eae639117c498b70b77636caddce42f10b9ebb
>>>>>>> d744a5f08bfd44f1fc7ce59efef8f9246e6874a1

Packages were changed.
Update Mode: resetToDefaultDependencies

The following packages were added:
  com.unity.collab-proxy@1.2.15
The following packages were updated:
  com.unity.analytics from version 2.0.16 to 3.2.2
  com.unity.purchasing from version 2.0.1 to 2.0.3
  com.unity.textmeshpro from version 1.2.1 to 1.3.0
  com.unity.package-manager-ui from version 1.9.10 to 2.0.3

=== Wed Jan 23 13:21:00 2019

Packages were changed.
Update Mode: resetToDefaultDependencies

The following packages were removed:
  com.unity.postprocessing@2.0.3-preview
